-------------------------------------------------------------------------------
Test set: com.lvl.SearchTester.BookTest
-------------------------------------------------------------------------------
Tests run: 1, Failures: 1, Errors: 0, Skipped: 0, Time elapsed: 0.535 s <<< FAILURE! - in com.lvl.SearchTester.BookTest
KiemTraNgayTuongLaiTest  Time elapsed: 0.045 s  <<< FAILURE!
org.opentest4j.AssertionFailedError: expected: <true> but was: <false>
	at com.mycompany.library/com.lvl.SearchTester.BookTest.KiemTraNgayTuongLaiTest(BookTest.java:135)

