<?xml version="1.0" encoding="UTF-8"?>
<testsuite xmlns:xsi="http://www.w3.org/2001/XMLSchema-instance" xsi:noNamespaceSchemaLocation="https://maven.apache.org/surefire/maven-surefire-plugin/xsd/surefire-test-report.xsd" name="com.lvl.SearchTester.searchTester" time="0.651" tests="3" errors="0" skipped="0" failures="2">
  <properties>
[...]
</properties>
  <testcase name="testSearchName" classname="com.lvl.SearchTester.searchTester" time="0.039">
    <failure message="expected: &lt;1&gt; but was: &lt;0&gt;" type="org.opentest4j.AssertionFailedError"><![CDATA[org.opentest4j.AssertionFailedError: expected: <1> but was: <0>
	at com.mycompany.library/com.lvl.SearchTester.searchTester.testSearchName(searchTester.java:46)
]]></failure>
  </testcase>
  <testcase name="testSearchAuthor" classname="com.lvl.SearchTester.searchTester" time="0.005">
    <failure message="expected: &lt;2&gt; but was: &lt;1&gt;" type="org.opentest4j.AssertionFailedError"><![CDATA[org.opentest4j.AssertionFailedError: expected: <2> but was: <1>
	at com.mycompany.library/com.lvl.SearchTester.searchTester.testSearchAuthor(searchTester.java:60)
]]></failure>
  </testcase>
  <testcase name="testSearchPublicationDate" classname="com.lvl.SearchTester.searchTester" time="0.005"/>
</testsuite>