<?xml version="1.0" encoding="UTF-8"?>
<testsuite xmlns:xsi="http://www.w3.org/2001/XMLSchema-instance" xsi:noNamespaceSchemaLocation="https://maven.apache.org/surefire/maven-surefire-plugin/xsd/surefire-test-report.xsd" name="com.lvl.SearchTester.BookTest" time="0.535" tests="1" errors="0" skipped="0" failures="1">
  <properties>
[...]
</properties>
  <testcase name="KiemTraNgayTuongLaiTest" classname="com.lvl.SearchTester.BookTest" time="0.045">
    <failure message="expected: &lt;true&gt; but was: &lt;false&gt;" type="org.opentest4j.AssertionFailedError"><![CDATA[org.opentest4j.AssertionFailedError: expected: <true> but was: <false>
	at com.mycompany.library/com.lvl.SearchTester.BookTest.KiemTraNgayTuongLaiTest(BookTest.java:135)
]]></failure>
  </testcase>
</testsuite>